android/app/build/intermediates/manifest_merge_blame_file/debug/manifest-merger-blame-debug-report.txt
1<?xml version="1.0" encoding="utf-8"?>
2<manifest xmlns:android="http://schemas.android.com/apk/res/android"
3    package="com.example.flex_wallet"
4    android:versionCode="1"
5    android:versionName="1.0" >
6
7    <uses-sdk
8        android:minSdkVersion="24"
9        android:targetSdkVersion="34" />
10    <!--
11         The INTERNET permission is required for development. Specifically,
12         the Flutter tool needs it to communicate with the running application
13         to allow setting breakpoints, to provide hot reload, etc.
14    -->
15    <uses-permission android:name="android.permission.INTERNET" />
15-->src\main\AndroidManifest.xml:2:5-66
15-->src\main\AndroidManifest.xml:2:22-64
16    <uses-permission android:name="android.permission.ACCESS_NETWORK_STATE" />
16-->src\main\AndroidManifest.xml:3:5-78
16-->src\main\AndroidManifest.xml:3:22-76
17    <uses-permission android:name="android.permission.READ_CONTACTS" />
17-->src\main\AndroidManifest.xml:4:5-72
17-->src\main\AndroidManifest.xml:4:22-69
18    <uses-permission android:name="android.permission.WRITE_CONTACTS" />
18-->src\main\AndroidManifest.xml:5:5-73
18-->src\main\AndroidManifest.xml:5:22-70
19    <!--
20 Required to query activities that can process text, see:
21         https://developer.android.com/training/package-visibility and
22         https://developer.android.com/reference/android/content/Intent#ACTION_PROCESS_TEXT.
23
24         In particular, this is used by the Flutter engine in io.flutter.plugin.text.ProcessTextPlugin.
25    -->
26    <queries>
26-->src\main\AndroidManifest.xml:59:5-64:15
27        <intent>
27-->src\main\AndroidManifest.xml:60:9-63:18
28            <action android:name="android.intent.action.PROCESS_TEXT" />
28-->src\main\AndroidManifest.xml:61:13-72
28-->src\main\AndroidManifest.xml:61:21-70
29
30            <data android:mimeType="text/plain" />
30-->src\main\AndroidManifest.xml:62:13-50
30-->src\main\AndroidManifest.xml:62:19-48
31        </intent>
32    </queries>
33
34    <uses-permission android:name="com.google.android.finsky.permission.BIND_GET_INSTALL_REFERRER_SERVICE" />
34-->[com.android.installreferrer:installreferrer:1.0] AndroidManifest.xml:9:5-110
34-->[com.android.installreferrer:installreferrer:1.0] AndroidManifest.xml:9:22-107
35
36    <application
37        android:name="android.app.Application"
38        android:appComponentFactory="androidx.core.app.CoreComponentFactory"
38-->[androidx.core:core:1.1.0] AndroidManifest.xml:24:18-86
39        android:debuggable="true"
40        android:extractNativeLibs="false"
41        android:icon="@mipmap/ic_launcher"
42        android:label="flex_wallet"
43        android:supportsRtl="true" >
43-->[com.facebook.android:facebook-android-sdk:8.2.0] AndroidManifest.xml:28:18-44
44        <activity
45            android:name="com.example.flex_wallet.MainActivity"
46            android:configChanges="orientation|keyboardHidden|keyboard|screenSize|smallestScreenSize|locale|layoutDirection|fontScale|screenLayout|density|uiMode"
47            android:exported="true"
48            android:hardwareAccelerated="true"
49            android:launchMode="singleTop"
50            android:theme="@style/LaunchTheme"
51            android:windowSoftInputMode="adjustResize" >
52
53            <!--
54                 Specifies an Android theme to apply to this Activity as soon as
55                 the Android process has started. This theme is visible to the user
56                 while the Flutter UI initializes. After that, this theme continues
57                 to determine the Window background behind the Flutter UI.
58            -->
59            <meta-data
60                android:name="io.flutter.embedding.android.NormalTheme"
61                android:resource="@style/NormalTheme" />
62
63            <intent-filter>
64                <action android:name="android.intent.action.MAIN" />
65
66                <category android:name="android.intent.category.LAUNCHER" />
67            </intent-filter>
68        </activity>
69        <!--
70             Don't delete the meta-data below.
71             This is used by the Flutter tool to generate GeneratedPluginRegistrant.java
72        -->
73        <meta-data
74            android:name="flutterEmbedding"
75            android:value="2" />
76        <meta-data
77            android:name="com.facebook.sdk.ApplicationId"
78            android:value="@string/facebook_app_id" />
79        <meta-data
80            android:name="com.facebook.sdk.ClientToken"
81            android:value="@string/facebook_client_token" />
82
83        <activity
84            android:name="com.facebook.FacebookActivity"
85            android:configChanges="keyboard|keyboardHidden|screenLayout|screenSize|orientation"
86            android:label="@string/app_name"
87            android:theme="@style/com_facebook_activity_theme" />
87-->[com.facebook.android:facebook-common:8.2.0] AndroidManifest.xml:33:13-63
88        <activity
89            android:name="com.facebook.CustomTabActivity"
90            android:exported="true" >
91            <intent-filter>
92                <action android:name="android.intent.action.VIEW" />
92-->[com.facebook.android:facebook-common:8.2.0] AndroidManifest.xml:40:17-69
92-->[com.facebook.android:facebook-common:8.2.0] AndroidManifest.xml:40:25-66
93
94                <category android:name="android.intent.category.DEFAULT" />
94-->[com.facebook.android:facebook-common:8.2.0] AndroidManifest.xml:42:17-76
94-->[com.facebook.android:facebook-common:8.2.0] AndroidManifest.xml:42:27-73
95                <category android:name="android.intent.category.BROWSABLE" />
95-->[com.facebook.android:facebook-common:8.2.0] AndroidManifest.xml:43:17-78
95-->[com.facebook.android:facebook-common:8.2.0] AndroidManifest.xml:43:27-75
96
97                <data android:scheme="@string/fb_login_protocol_scheme" />
97-->src\main\AndroidManifest.xml:62:13-50
98            </intent-filter>
99            <intent-filter>
99-->[com.facebook.android:facebook-common:8.2.0] AndroidManifest.xml:39:13-48:29
100                <action android:name="android.intent.action.VIEW" />
100-->[com.facebook.android:facebook-common:8.2.0] AndroidManifest.xml:40:17-69
100-->[com.facebook.android:facebook-common:8.2.0] AndroidManifest.xml:40:25-66
101
102                <category android:name="android.intent.category.DEFAULT" />
102-->[com.facebook.android:facebook-common:8.2.0] AndroidManifest.xml:42:17-76
102-->[com.facebook.android:facebook-common:8.2.0] AndroidManifest.xml:42:27-73
103                <category android:name="android.intent.category.BROWSABLE" />
103-->[com.facebook.android:facebook-common:8.2.0] AndroidManifest.xml:43:17-78
103-->[com.facebook.android:facebook-common:8.2.0] AndroidManifest.xml:43:27-75
104
105                <data
105-->src\main\AndroidManifest.xml:62:13-50
106                    android:host="cct.com.example.flex_wallet"
107                    android:scheme="fbconnect" />
108            </intent-filter>
109        </activity>
110        <activity android:name="com.facebook.CustomTabMainActivity" />
110-->[com.facebook.android:facebook-common:8.2.0] AndroidManifest.xml:34:9-71
110-->[com.facebook.android:facebook-common:8.2.0] AndroidManifest.xml:34:19-68
111        <!--
112         The initialization ContentProvider will call FacebookSdk.sdkInitialize automatically
113         with the application context. This config is merged in with the host app's manifest,
114         but there can only be one provider with the same authority activated at any given
115         point; so if the end user has two or more different apps that use Facebook SDK, only the
116         first one will be able to use the provider. To work around this problem, we use the
117         following placeholder in the authority to identify each host application as if it was
118         a completely different provider.
119        -->
120        <provider
120-->[com.facebook.android:facebook-core:8.2.0] AndroidManifest.xml:39:9-42:40
121            android:name="com.facebook.internal.FacebookInitProvider"
121-->[com.facebook.android:facebook-core:8.2.0] AndroidManifest.xml:40:13-70
122            android:authorities="com.example.flex_wallet.FacebookInitProvider"
122-->[com.facebook.android:facebook-core:8.2.0] AndroidManifest.xml:41:13-72
123            android:exported="false" />
123-->[com.facebook.android:facebook-core:8.2.0] AndroidManifest.xml:42:13-37
124
125        <receiver
125-->[com.facebook.android:facebook-core:8.2.0] AndroidManifest.xml:44:9-50:20
126            android:name="com.facebook.CurrentAccessTokenExpirationBroadcastReceiver"
126-->[com.facebook.android:facebook-core:8.2.0] AndroidManifest.xml:45:13-86
127            android:exported="false" >
127-->[com.facebook.android:facebook-core:8.2.0] AndroidManifest.xml:46:13-37
128            <intent-filter>
128-->[com.facebook.android:facebook-core:8.2.0] AndroidManifest.xml:47:13-49:29
129                <action android:name="com.facebook.sdk.ACTION_CURRENT_ACCESS_TOKEN_CHANGED" />
129-->[com.facebook.android:facebook-core:8.2.0] AndroidManifest.xml:48:17-95
129-->[com.facebook.android:facebook-core:8.2.0] AndroidManifest.xml:48:25-92
130            </intent-filter>
131        </receiver>
132    </application>
133
134</manifest>